# JRE version: Java(TM) SE Runtime Environment (8.0_31-b13) (build 1.8.0_31-b13)
# Java VM: Java HotSpot(TM) 64-Bit Server VM (25.31-b07 mixed mode windows-amd64 compressed oops)
Heap:
 PSYoungGen      total 154112K, used 49507K [0x00000000eab00000, 0x00000000ff400000, 0x0000000100000000)
  eden space 118784K, 12% used [0x00000000eab00000,0x00000000eb8ebd80,0x00000000f1f00000)
  from space 35328K, 99% used [0x00000000f1f00000,0x00000000f416ced8,0x00000000f4180000)
  to   space 108032K, 0% used [0x00000000f8a80000,0x00000000f8a80000,0x00000000ff400000)
 ParOldGen       total 396288K, used 297697K [0x00000000c0000000, 0x00000000d8300000, 0x00000000eab00000)
  object space 396288K, 75% used [0x00000000c0000000,0x00000000d22b8708,0x00000000d8300000)
 Metaspace       used 5958K, capacity 7216K, committed 7296K, reserved 1056768K
  class space    used 569K, capacity 616K, committed 640K, reserved 1048576K
GC Heap History (10 events):
Event: 19.089 GC heap before
{Heap before GC invocations=25 (full 4):
 PSYoungGen      total 232960K, used 116736K [0x00000000eab00000, 0x0000000100000000, 0x0000000100000000)
  eden space 116736K, 100% used [0x00000000eab00000,0x00000000f1d00000,0x00000000f1d00000)
  from space 116224K, 0% used [0x00000000f8e80000,0x00000000f8e80000,0x0000000100000000)
  to   space 116224K, 0% used [0x00000000f1d00000,0x00000000f1d00000,0x00000000f8e80000)
 ParOldGen       total 396288K, used 243514K [0x00000000c0000000, 0x00000000d8300000, 0x00000000eab00000)
  object space 396288K, 61% used [0x00000000c0000000,0x00000000cedceab0,0x00000000d8300000)
 Metaspace       used 5887K, capacity 7152K, committed 7296K, reserved 1056768K
  class space    used 564K, capacity 616K, committed 640K, reserved 1048576K
Event: 19.102 GC heap after
Heap after GC invocations=25 (full 4):
 PSYoungGen      total 232960K, used 19424K [0x00000000eab00000, 0x0000000100000000, 0x0000000100000000)
  eden space 116736K, 0% used [0x00000000eab00000,0x00000000eab00000,0x00000000f1d00000)
  from space 116224K, 16% used [0x00000000f1d00000,0x00000000f2ff8000,0x00000000f8e80000)
  to   space 116224K, 0% used [0x00000000f8e80000,0x00000000f8e80000,0x0000000100000000)
 ParOldGen       total 396288K, used 243514K [0x00000000c0000000, 0x00000000d8300000, 0x00000000eab00000)
  object space 396288K, 61% used [0x00000000c0000000,0x00000000cedceab0,0x00000000d8300000)
 Metaspace       used 5887K, capacity 7152K, committed 7296K, reserved 1056768K
  class space    used 564K, capacity 616K, committed 640K, reserved 1048576K
}
Event: 19.302 GC heap before
{Heap before GC invocations=26 (full 4):
 PSYoungGen      total 232960K, used 136160K [0x00000000eab00000, 0x0000000100000000, 0x0000000100000000)
  eden space 116736K, 100% used [0x00000000eab00000,0x00000000f1d00000,0x00000000f1d00000)
  from space 116224K, 16% used [0x00000000f1d00000,0x00000000f2ff8000,0x00000000f8e80000)
  to   space 116224K, 0% used [0x00000000f8e80000,0x00000000f8e80000,0x0000000100000000)
 ParOldGen       total 396288K, used 243514K [0x00000000c0000000, 0x00000000d8300000, 0x00000000eab00000)
  object space 396288K, 61% used [0x00000000c0000000,0x00000000cedceab0,0x00000000d8300000)
 Metaspace       used 5887K, capacity 7152K, committed 7296K, reserved 1056768K
  class space    used 564K, capacity 616K, committed 640K, reserved 1048576K
Event: 19.330 GC heap after
Heap after GC invocations=26 (full 4):
 PSYoungGen      total 232960K, used 19040K [0x00000000eab00000, 0x0000000100000000, 0x0000000100000000)
  eden space 116736K, 0% used [0x00000000eab00000,0x00000000eab00000,0x00000000f1d00000)
  from space 116224K, 16% used [0x00000000f8e80000,0x00000000fa118000,0x0000000100000000)
  to   space 116224K, 0% used [0x00000000f1d00000,0x00000000f1d00000,0x00000000f8e80000)
 ParOldGen       total 396288K, used 261974K [0x00000000c0000000, 0x00000000d8300000, 0x00000000eab00000)
  object space 396288K, 66% used [0x00000000c0000000,0x00000000cffd5968,0x00000000d8300000)
 Metaspace       used 5887K, capacity 7152K, committed 7296K, reserved 1056768K
  class space    used 564K, capacity 616K, committed 640K, reserved 1048576K
}
Event: 19.591 GC heap before
{Heap before GC invocations=27 (full 4):
 PSYoungGen      total 232960K, used 135776K [0x00000000eab00000, 0x0000000100000000, 0x0000000100000000)
  eden space 116736K, 100% used [0x00000000eab00000,0x00000000f1d00000,0x00000000f1d00000)
  from space 116224K, 16% used [0x00000000f8e80000,0x00000000fa118000,0x0000000100000000)
  to   space 116224K, 0% used [0x00000000f1d00000,0x00000000f1d00000,0x00000000f8e80000)
 ParOldGen       total 396288K, used 261974K [0x00000000c0000000, 0x00000000d8300000, 0x00000000eab00000)
  object space 396288K, 66% used [0x00000000c0000000,0x00000000cffd5968,0x00000000d8300000)
 Metaspace       used 5891K, capacity 7152K, committed 7296K, reserved 1056768K
  class space    used 564K, capacity 616K, committed 640K, reserved 1048576K
Event: 19.629 GC heap after
Heap after GC invocations=27 (full 4):
 PSYoungGen      total 135168K, used 18266K [0x00000000eab00000, 0x00000000ffe00000, 0x0000000100000000)
  eden space 116736K, 0% used [0x00000000eab00000,0x00000000eab00000,0x00000000f1d00000)
  from space 18432K, 99% used [0x00000000f1d00000,0x00000000f2ed6a38,0x00000000f2f00000)
  to   space 115200K, 0% used [0x00000000f8d80000,0x00000000f8d80000,0x00000000ffe00000)
 ParOldGen       total 396288K, used 280031K [0x00000000c0000000, 0x00000000d8300000, 0x00000000eab00000)
  object space 396288K, 70% used [0x00000000c0000000,0x00000000d1177d10,0x00000000d8300000)
 Metaspace       used 5891K, capacity 7152K, committed 7296K, reserved 1056768K
  class space    used 564K, capacity 616K, committed 640K, reserved 1048576K
}
Event: 20.401 GC heap before
{Heap before GC invocations=28 (full 4):
 PSYoungGen      total 135168K, used 135002K [0x00000000eab00000, 0x00000000ffe00000, 0x0000000100000000)
  eden space 116736K, 100% used [0x00000000eab00000,0x00000000f1d00000,0x00000000f1d00000)
  from space 18432K, 99% used [0x00000000f1d00000,0x00000000f2ed6a38,0x00000000f2f00000)
  to   space 115200K, 0% used [0x00000000f8d80000,0x00000000f8d80000,0x00000000ffe00000)
 ParOldGen       total 396288K, used 280031K [0x00000000c0000000, 0x00000000d8300000, 0x00000000eab00000)
  object space 396288K, 70% used [0x00000000c0000000,0x00000000d1177d10,0x00000000d8300000)
 Metaspace       used 5894K, capacity 7152K, committed 7296K, reserved 1056768K
  class space    used 564K, capacity 616K, committed 640K, reserved 1048576K
Event: 20.448 GC heap after
Heap after GC invocations=28 (full 4):
 PSYoungGen      total 233984K, used 18464K [0x00000000eab00000, 0x0000000100000000, 0x0000000100000000)
  eden space 118784K, 0% used [0x00000000eab00000,0x00000000eab00000,0x00000000f1f00000)
  from space 115200K, 16% used [0x00000000f8d80000,0x00000000f9f88000,0x00000000ffe00000)
  to   space 113152K, 0% used [0x00000000f1f00000,0x00000000f1f00000,0x00000000f8d80000)
 ParOldGen       total 396288K, used 297697K [0x00000000c0000000, 0x00000000d8300000, 0x00000000eab00000)
  object space 396288K, 75% used [0x00000000c0000000,0x00000000d22b8708,0x00000000d8300000)
 Metaspace       used 5894K, capacity 7152K, committed 7296K, reserved 1056768K
  class space    used 564K, capacity 616K, committed 640K, reserved 1048576K
}
Event: 21.110 GC heap before
{Heap before GC invocations=29 (full 4):
 PSYoungGen      total 233984K, used 137248K [0x00000000eab00000, 0x0000000100000000, 0x0000000100000000)
  eden space 118784K, 100% used [0x00000000eab00000,0x00000000f1f00000,0x00000000f1f00000)
  from space 115200K, 16% used [0x00000000f8d80000,0x00000000f9f88000,0x00000000ffe00000)
  to   space 113152K, 0% used [0x00000000f1f00000,0x00000000f1f00000,0x00000000f8d80000)
 ParOldGen       total 396288K, used 297697K [0x00000000c0000000, 0x00000000d8300000, 0x00000000eab00000)
  object space 396288K, 75% used [0x00000000c0000000,0x00000000d22b8708,0x00000000d8300000)
 Metaspace       used 5907K, capacity 7216K, committed 7296K, reserved 1056768K
  class space    used 564K, capacity 616K, committed 640K, reserved 1048576K
Event: 21.138 GC heap after
Heap after GC invocations=29 (full 4):
 PSYoungGen      total 154112K, used 35251K [0x00000000eab00000, 0x00000000ff400000, 0x0000000100000000)
  eden space 118784K, 0% used [0x00000000eab00000,0x00000000eab00000,0x00000000f1f00000)
  from space 35328K, 99% used [0x00000000f1f00000,0x00000000f416ced8,0x00000000f4180000)
  to   space 108032K, 0% used [0x00000000f8a80000,0x00000000f8a80000,0x00000000ff400000)
 ParOldGen       total 396288K, used 297697K [0x00000000c0000000, 0x00000000d8300000, 0x00000000eab00000)
  object space 396288K, 75% used [0x00000000c0000000,0x00000000d22b8708,0x00000000d8300000)
 Metaspace       used 5907K, capacity 7216K, committed 7296K, reserved 1056768K
  class space    used 564K, capacity 616K, committed 640K, reserved 1048576K
}

